# JRE version: OpenJDK Runtime Environment Microsoft-8035246 (17.0.8+7) (build 17.0.8+7-LTS)
# Java VM: OpenJDK 64-Bit Server VM Microsoft-8035246 (17.0.8+7-LTS, mixed mode, sharing, tiered, compressed oops, compressed class ptrs, g1 gc, windows-amd64)
GC Precious Log:
 CPUs: 8 total, 8 available
 Memory: 7932M
 Large Page Support: Disabled
 NUMA Support: Disabled
 Compressed Oops: Enabled (32-bit)
 Heap Region Size: 1M
 Heap Min Capacity: 8M
 Heap Initial Capacity: 124M
 Heap Max Capacity: 2G
 Pre-touch: Disabled
 Parallel Workers: 8
 Concurrent Workers: 2
 Concurrent Refinement Workers: 8
 Periodic GC: Disabled
Heap:
 garbage-first heap   total 242688K, used 192324K [0x0000000080000000, 0x0000000100000000)
  region size 1024K, 14 young (14336K), 3 survivors (3072K)
 Metaspace       used 104373K, committed 105472K, reserved 557056K
  class space    used 14365K, committed 14912K, reserved 425984K
GC Heap History (20 events):
Event: 174.821 GC heap before
{Heap before GC invocations=67 (full 0):
 garbage-first heap   total 242688K, used 192865K [0x0000000080000000, 0x0000000100000000)
  region size 1024K, 55 young (56320K), 8 survivors (8192K)
 Metaspace       used 95600K, committed 96640K, reserved 557056K
  class space    used 13299K, committed 13824K, reserved 425984K
}
Event: 174.835 GC heap after
{Heap after GC invocations=68 (full 0):
 garbage-first heap   total 242688K, used 148979K [0x0000000080000000, 0x0000000100000000)
  region size 1024K, 5 young (5120K), 5 survivors (5120K)
 Metaspace       used 95600K, committed 96640K, reserved 557056K
  class space    used 13299K, committed 13824K, reserved 425984K
}
Event: 180.282 GC heap before
{Heap before GC invocations=68 (full 0):
 garbage-first heap   total 242688K, used 195059K [0x0000000080000000, 0x0000000100000000)
  region size 1024K, 50 young (51200K), 5 survivors (5120K)
 Metaspace       used 98442K, committed 99456K, reserved 557056K
  class space    used 13712K, committed 14208K, reserved 425984K
}
Event: 180.306 GC heap after
{Heap after GC invocations=69 (full 0):
 garbage-first heap   total 242688K, used 153630K [0x0000000080000000, 0x0000000100000000)
  region size 1024K, 5 young (5120K), 5 survivors (5120K)
 Metaspace       used 98442K, committed 99456K, reserved 557056K
  class space    used 13712K, committed 14208K, reserved 425984K
}
Event: 184.659 GC heap before
{Heap before GC invocations=69 (full 0):
 garbage-first heap   total 242688K, used 198686K [0x0000000080000000, 0x0000000100000000)
  region size 1024K, 49 young (50176K), 5 survivors (5120K)
 Metaspace       used 100261K, committed 101376K, reserved 557056K
  class space    used 13938K, committed 14464K, reserved 425984K
}
Event: 184.682 GC heap after
{Heap after GC invocations=70 (full 0):
 garbage-first heap   total 242688K, used 158183K [0x0000000080000000, 0x0000000100000000)
  region size 1024K, 6 young (6144K), 6 survivors (6144K)
 Metaspace       used 100261K, committed 101376K, reserved 557056K
  class space    used 13938K, committed 14464K, reserved 425984K
}
Event: 187.596 GC heap before
{Heap before GC invocations=70 (full 0):
 garbage-first heap   total 242688K, used 200167K [0x0000000080000000, 0x0000000100000000)
  region size 1024K, 47 young (48128K), 6 survivors (6144K)
 Metaspace       used 100529K, committed 101632K, reserved 557056K
  class space    used 13940K, committed 14464K, reserved 425984K
}
Event: 187.621 GC heap after
{Heap after GC invocations=71 (full 0):
 garbage-first heap   total 242688K, used 162450K [0x0000000080000000, 0x0000000100000000)
  region size 1024K, 5 young (5120K), 5 survivors (5120K)
 Metaspace       used 100529K, committed 101632K, reserved 557056K
  class space    used 13940K, committed 14464K, reserved 425984K
}
Event: 192.010 GC heap before
{Heap before GC invocations=71 (full 0):
 garbage-first heap   total 242688K, used 201362K [0x0000000080000000, 0x0000000100000000)
  region size 1024K, 44 young (45056K), 5 survivors (5120K)
 Metaspace       used 101629K, committed 102784K, reserved 557056K
  class space    used 14045K, committed 14592K, reserved 425984K
}
Event: 192.028 GC heap after
{Heap after GC invocations=72 (full 0):
 garbage-first heap   total 242688K, used 168617K [0x0000000080000000, 0x0000000100000000)
  region size 1024K, 6 young (6144K), 6 survivors (6144K)
 Metaspace       used 101629K, committed 102784K, reserved 557056K
  class space    used 14045K, committed 14592K, reserved 425984K
}
Event: 193.860 GC heap before
{Heap before GC invocations=72 (full 0):
 garbage-first heap   total 242688K, used 207529K [0x0000000080000000, 0x0000000100000000)
  region size 1024K, 40 young (40960K), 6 survivors (6144K)
 Metaspace       used 103523K, committed 104640K, reserved 557056K
  class space    used 14262K, committed 14784K, reserved 425984K
}
Event: 193.884 GC heap after
{Heap after GC invocations=73 (full 0):
 garbage-first heap   total 242688K, used 172078K [0x0000000080000000, 0x0000000100000000)
  region size 1024K, 4 young (4096K), 4 survivors (4096K)
 Metaspace       used 103523K, committed 104640K, reserved 557056K
  class space    used 14262K, committed 14784K, reserved 425984K
}
Event: 195.214 GC heap before
{Heap before GC invocations=73 (full 0):
 garbage-first heap   total 242688K, used 203822K [0x0000000080000000, 0x0000000100000000)
  region size 1024K, 36 young (36864K), 4 survivors (4096K)
 Metaspace       used 104044K, committed 105152K, reserved 557056K
  class space    used 14332K, committed 14848K, reserved 425984K
}
Event: 195.223 GC heap after
{Heap after GC invocations=74 (full 0):
 garbage-first heap   total 242688K, used 173567K [0x0000000080000000, 0x0000000100000000)
  region size 1024K, 2 young (2048K), 2 survivors (2048K)
 Metaspace       used 104044K, committed 105152K, reserved 557056K
  class space    used 14332K, committed 14848K, reserved 425984K
}
Event: 196.540 GC heap before
{Heap before GC invocations=74 (full 0):
 garbage-first heap   total 242688K, used 207359K [0x0000000080000000, 0x0000000100000000)
  region size 1024K, 35 young (35840K), 2 survivors (2048K)
 Metaspace       used 104340K, committed 105408K, reserved 557056K
  class space    used 14365K, committed 14912K, reserved 425984K
}
Event: 196.560 GC heap after
{Heap after GC invocations=75 (full 0):
 garbage-first heap   total 242688K, used 178719K [0x0000000080000000, 0x0000000100000000)
  region size 1024K, 5 young (5120K), 5 survivors (5120K)
 Metaspace       used 104340K, committed 105408K, reserved 557056K
  class space    used 14365K, committed 14912K, reserved 425984K
}
Event: 197.372 GC heap before
{Heap before GC invocations=75 (full 0):
 garbage-first heap   total 242688K, used 205343K [0x0000000080000000, 0x0000000100000000)
  region size 1024K, 32 young (32768K), 5 survivors (5120K)
 Metaspace       used 104371K, committed 105472K, reserved 557056K
  class space    used 14365K, committed 14912K, reserved 425984K
}
Event: 197.388 GC heap after
{Heap after GC invocations=76 (full 0):
 garbage-first heap   total 242688K, used 181453K [0x0000000080000000, 0x0000000100000000)
  region size 1024K, 4 young (4096K), 4 survivors (4096K)
 Metaspace       used 104371K, committed 105472K, reserved 557056K
  class space    used 14365K, committed 14912K, reserved 425984K
}
Event: 198.160 GC heap before
{Heap before GC invocations=76 (full 0):
 garbage-first heap   total 242688K, used 206029K [0x0000000080000000, 0x0000000100000000)
  region size 1024K, 29 young (29696K), 4 survivors (4096K)
 Metaspace       used 104373K, committed 105472K, reserved 557056K
  class space    used 14365K, committed 14912K, reserved 425984K
}
Event: 198.168 GC heap after
{Heap after GC invocations=77 (full 0):
 garbage-first heap   total 242688K, used 183108K [0x0000000080000000, 0x0000000100000000)
  region size 1024K, 3 young (3072K), 3 survivors (3072K)
 Metaspace       used 104373K, committed 105472K, reserved 557056K
  class space    used 14365K, committed 14912K, reserved 425984K
}

